<?xml version="1.0" encoding="UTF-8"?>
<testsuite xmlns:xsi="http://www.w3.org/2001/XMLSchema-instance" xsi:noNamespaceSchemaLocation="https://maven.apache.org/surefire/maven-surefire-plugin/xsd/surefire-test-report.xsd" version="3.0.2" name="TestSuite" time="54.032" tests="1" errors="0" skipped="0" failures="0">
  <properties>
[...]
</properties>
  <testcase name="derivedProduct2TestCase" classname="DP2_TestCases.DerivedProduct2TestCase" time="30.765">
    <system-out><![CDATA[Driver Activated... Browser Opened :::: firefox
Test Case for 'derivedProduct2TestCase'  - Started ------
Printing all Link
(1) https://www.nba.com/bulls/roster
(2) https://www.nba.com/stats/team/1610612741/traditional/
(3) https://www.nba.com/bulls/leaders
(4) https://www.nba.com/bulls/chicago-bulls-staff-directory
(5) https://www.nba.com/bulls/career-opportunities
(6) https://am.ticketmaster.com/bulls/?wt.mc_id=NBA_TEAM_CHI_AM_PAGE&_ga=2.52805288.1618705923.1655777842-2053900119.1655777842
(7) https://www.nba.com/bulls/schedule
(8) https://www.nba.com/bulls/tickets/seasons
(9) https://www.nba.com/bulls/tickets/single
(10) https://www.nba.com/bulls/tickets/groups
(11) https://www.nba.com/bulls/tickets/family-ticket-packs
(12) https://www.nba.com/bulls/tickets/student-pass
(13) https://cdn.nba.com/teams/uploads/sites/1610612741/2024/08/Bulls_2425_Schedule_081524.pdf
(14) https://windycity.gleague.nba.com/tickets/
(15) https://shop.bulls.com/collections/jerseys
(16) https://shop.bulls.com/collections/hats
(17) https://shop.bulls.com/collections/mens-apparel
(18) https://shop.bulls.com/collections/womens-apparel
(19) https://shop.bulls.com/collections/youth-shirts
(20) http://www.madhouseteamstore.com/
(21) https://www.nba.com/bulls/community/fan-experiences
(22) https://bullsraffle.com/
(23) https://www.nba.com/bulls/partners/athletico-rebound-of-the-game
(24) https://chibullsdigital.com/community/docs/CR_Annual_Report22_WEB.pdf
(25) http://www.unitedcenter.com/venue/seating-charts/
(26) https://www.nba.com/bulls/tickets/united-center-parking
(27) http://www.unitedcenter.com/venue/rideshare/
(28) http://www.unitedcenter.com/venue/dining/
(29) https://www.nba.com/bulls/sam-smith
(30) https://www.nba.com/bulls/chuck-checks-in
(31) https://www.nba.com/bulls/partner-news
(32) https://www.nba.com/bulls/injury-report
(33) https://www.nba.com/bulls/game-notes
Writing to File Started.....
Writing to File Started.....
Writing to File Started.....
Writing to File Started.....
Writing to File Started.....
Writing to File Started.....
Writing to File Started.....
Writing to File Started.....
Writing to File Started.....
Writing to File Started.....
Writing to File Started.....
Writing to File Started.....
Writing to File Started.....
Writing to File Started.....
Writing to File Started.....
Writing to File Started.....
Writing to File Started.....
Writing to File Started.....
Writing to File Started.....
Writing to File Started.....
Writing to File Started.....
Writing to File Started.....
Writing to File Started.....
Writing to File Started.....
Writing to File Started.....
Writing to File Started.....
Writing to File Started.....
Writing to File Started.....
Writing to File Started.....
Writing to File Started.....
Writing to File Started.....
Writing to File Started.....
Writing to File Started.....
Reading of File Started.....
Test Case Passed as no Duplicate Link Present,No need to report
Test Case for 'derivedProduct2TestCase'  - END ------
]]></system-out>
    <system-err><![CDATA[SLF4J: Failed to load class "org.slf4j.impl.StaticLoggerBinder".
SLF4J: Defaulting to no-operation (NOP) logger implementation
SLF4J: See http://www.slf4j.org/codes.html#StaticLoggerBinder for further details.
log4j:WARN No appenders could be found for logger (class com.veeva.core.TestComponent.VeevaBase).
log4j:WARN Please initialize the log4j system properly.
log4j:WARN See http://logging.apache.org/log4j/1.2/faq.html#noconfig for more info.
]]></system-err>
  </testcase>
</testsuite>