<?xml version="1.0" encoding="UTF-8"?>
<!-- Generated by org.testng.reporters.JUnitXMLReporter -->
<testsuite ignored="0" hostname="DESKTOP-8FBDTGM" failures="1" tests="2" name="Core Product Test Case in Chrome" time="181.985" errors="0" timestamp="2024-08-26T15:57:27 IST">
  <testcase classname="CP_TestCase.CoreProductTestCase" name="coreProductTestCase" time="71.661">
    <skipped/>
  </testcase> <!-- coreProductTestCase -->
  <testcase classname="CP_TestCase.CoreProductTestCase" name="coreProductTestCase" time="98.966">
    <failure type="java.lang.NullPointerException" message="Cannot invoke &amp;quot;java.util.HashMap.get(Object)&amp;quot; because the return value of &amp;quot;CP_PageObject.CP_CategoryPage.getGlobalConfigData()&amp;quot; is null">
      <![CDATA[java.lang.NullPointerException: Cannot invoke "java.util.HashMap.get(Object)" because the return value of "CP_PageObject.CP_CategoryPage.getGlobalConfigData()" is null
at CP_PageObject.CP_CategoryPage.getAllJacketProductInfo(CP_CategoryPage.java:67)
at CP_TestCase.CoreProductTestCase.coreProductTestCase(CoreProductTestCase.java:69)
at java.base/java.util.ArrayList.forEach(ArrayList.java:1596)
... Removed 29 stack frames]]>
    </failure>
  </testcase> <!-- coreProductTestCase -->
</testsuite> <!-- Core Product Test Case in Chrome -->
